[debug] [2024-11-06T14:42:14.250Z] ----------------------------------------------------------------------
[debug] [2024-11-06T14:42:14.252Z] Command:       C:\Program Files\nodejs\node.exe C:\Users\Gato Gordo\AppData\Roaming\npm\node_modules\firebase-tools\lib\bin\firebase.js init
[debug] [2024-11-06T14:42:14.252Z] CLI Version:   13.24.1
[debug] [2024-11-06T14:42:14.252Z] Platform:      win32
[debug] [2024-11-06T14:42:14.253Z] Node Version:  v18.20.4
[debug] [2024-11-06T14:42:14.269Z] Time:          Wed Nov 06 2024 11:42:14 GMT-0300 (Horário Padrão de Brasília)
[debug] [2024-11-06T14:42:14.269Z] ----------------------------------------------------------------------
[debug] 
[debug] [2024-11-06T14:42:14.276Z] > command requires scopes: ["email","openid","https://www.googleapis.com/auth/cloudplatformprojects.readonly","https://www.googleapis.com/auth/firebase","https://www.googleapis.com/auth/cloud-platform"]
[debug] [2024-11-06T14:42:14.277Z] > authorizing via signed-in user (loic.lemos@gmail.com)
[info] 
     ######## #### ########  ######## ########     ###     ######  ########
     ##        ##  ##     ## ##       ##     ##  ##   ##  ##       ##
     ######    ##  ########  ######   ########  #########  ######  ######
     ##        ##  ##    ##  ##       ##     ## ##     ##       ## ##
     ##       #### ##     ## ######## ########  ##     ##  ######  ########

You're about to initialize a Firebase project in this directory:

  C:\Users\Gato Gordo\Desktop\meu-portifolio-react

[info] 
=== Project Setup
[info] 
[info] First, let's associate this project directory with a Firebase project.
[info] You can create multiple project aliases by running firebase use --add, 
[info] but for now we'll just set up a default project.
[info] 
[info] i  If you want to create a project in a Google Cloud organization or folder, please use "firebase projects:create" instead, and return to this command when you've created the project. 
[debug] [2024-11-06T14:42:37.506Z] Checked if tokens are valid: true, expires at: 1730907460572
[debug] [2024-11-06T14:42:37.507Z] Checked if tokens are valid: true, expires at: 1730907460572
[debug] [2024-11-06T14:42:37.508Z] >>> [apiv2][query] POST https://cloudresourcemanager.googleapis.com/v1/projects [none]
[debug] [2024-11-06T14:42:37.508Z] >>> [apiv2][body] POST https://cloudresourcemanager.googleapis.com/v1/projects {"projectId":"meu_porifolio_react","name":"meuPortifolio"}
[debug] [2024-11-06T14:42:38.557Z] <<< [apiv2][status] POST https://cloudresourcemanager.googleapis.com/v1/projects 400
[debug] [2024-11-06T14:42:38.557Z] <<< [apiv2][body] POST https://cloudresourcemanager.googleapis.com/v1/projects {"error":{"code":400,"message":"field [project_id] has issue [project_id contains invalid characters]","status":"INVALID_ARGUMENT","details":[{"@type":"type.googleapis.com/google.rpc.BadRequest","fieldViolations":[{"field":"project_id","description":"project_id contains invalid characters"}]},{"@type":"type.googleapis.com/google.rpc.Help","links":[{"url":"https://cloud.google.com/resource-manager/reference/rest/v1/projects"}]}]}}
[debug] [2024-11-06T14:42:38.823Z] FirebaseError: Request to https://cloudresourcemanager.googleapis.com/v1/projects had HTTP Error: 400, field [project_id] has issue [project_id contains invalid characters]
    at responseToError (C:\Users\Gato Gordo\AppData\Roaming\npm\node_modules\firebase-tools\lib\responseToError.js:52:12)
    at RetryOperation._fn (C:\Users\Gato Gordo\AppData\Roaming\npm\node_modules\firebase-tools\lib\apiv2.js:312:77)
    at process.processTicksAndRejections (node:internal/process/task_queues:95:5)
[error] 
[error] Error: Failed to create project. See firebase-debug.log for more info.
[debug] [2024-11-06T14:42:43.438Z] ----------------------------------------------------------------------
[debug] [2024-11-06T14:42:43.440Z] Command:       C:\Program Files\nodejs\node.exe C:\Users\Gato Gordo\AppData\Roaming\npm\node_modules\firebase-tools\lib\bin\firebase.js init
[debug] [2024-11-06T14:42:43.440Z] CLI Version:   13.24.1
[debug] [2024-11-06T14:42:43.440Z] Platform:      win32
[debug] [2024-11-06T14:42:43.440Z] Node Version:  v18.20.4
[debug] [2024-11-06T14:42:43.441Z] Time:          Wed Nov 06 2024 11:42:43 GMT-0300 (Horário Padrão de Brasília)
[debug] [2024-11-06T14:42:43.441Z] ----------------------------------------------------------------------
[debug] 
[debug] [2024-11-06T14:42:43.447Z] > command requires scopes: ["email","openid","https://www.googleapis.com/auth/cloudplatformprojects.readonly","https://www.googleapis.com/auth/firebase","https://www.googleapis.com/auth/cloud-platform"]
[debug] [2024-11-06T14:42:43.448Z] > authorizing via signed-in user (loic.lemos@gmail.com)
[info] 
     ######## #### ########  ######## ########     ###     ######  ########
     ##        ##  ##     ## ##       ##     ##  ##   ##  ##       ##
     ######    ##  ########  ######   ########  #########  ######  ######
     ##        ##  ##    ##  ##       ##     ## ##     ##       ## ##
     ##       #### ##     ## ######## ########  ##     ##  ######  ########

You're about to initialize a Firebase project in this directory:

  C:\Users\Gato Gordo\Desktop\meu-portifolio-react

[info] 
=== Project Setup
[info] 
[info] First, let's associate this project directory with a Firebase project.
[info] You can create multiple project aliases by running firebase use --add, 
[info] but for now we'll just set up a default project.
[info] 
[info] i  If you want to create a project in a Google Cloud organization or folder, please use "firebase projects:create" instead, and return to this command when you've created the project. 
[debug] [2024-11-06T14:43:06.132Z] Checked if tokens are valid: true, expires at: 1730907460572
[debug] [2024-11-06T14:43:06.132Z] Checked if tokens are valid: true, expires at: 1730907460572
[debug] [2024-11-06T14:43:06.133Z] >>> [apiv2][query] POST https://cloudresourcemanager.googleapis.com/v1/projects [none]
[debug] [2024-11-06T14:43:06.133Z] >>> [apiv2][body] POST https://cloudresourcemanager.googleapis.com/v1/projects {"projectId":"meuPortifolioReact","name":"meuPortifolio"}
[debug] [2024-11-06T14:43:07.131Z] <<< [apiv2][status] POST https://cloudresourcemanager.googleapis.com/v1/projects 400
[debug] [2024-11-06T14:43:07.132Z] <<< [apiv2][body] POST https://cloudresourcemanager.googleapis.com/v1/projects {"error":{"code":400,"message":"field [project_id] has issue [project_id contains invalid characters]","status":"INVALID_ARGUMENT","details":[{"@type":"type.googleapis.com/google.rpc.BadRequest","fieldViolations":[{"field":"project_id","description":"project_id contains invalid characters"}]},{"@type":"type.googleapis.com/google.rpc.Help","links":[{"url":"https://cloud.google.com/resource-manager/reference/rest/v1/projects"}]}]}}
[debug] [2024-11-06T14:43:07.392Z] FirebaseError: Request to https://cloudresourcemanager.googleapis.com/v1/projects had HTTP Error: 400, field [project_id] has issue [project_id contains invalid characters]
    at responseToError (C:\Users\Gato Gordo\AppData\Roaming\npm\node_modules\firebase-tools\lib\responseToError.js:52:12)
    at RetryOperation._fn (C:\Users\Gato Gordo\AppData\Roaming\npm\node_modules\firebase-tools\lib\apiv2.js:312:77)
    at process.processTicksAndRejections (node:internal/process/task_queues:95:5)
[error] 
[error] Error: Failed to create project. See firebase-debug.log for more info.
